<?xml version="1.0" encoding="UTF-8" ?>
<testsuite failures="0" time="0.03" errors="0" skipped="0" tests="12" name="com.ao.model.worldobject.DeathPotionTest">
  <properties>
    <property name="java.runtime.name" value="Java(TM) SE Runtime Environment"/>
    <property name="sun.boot.library.path" value="/usr/lib/jvm/java-6-sun-1.6.0.26/jre/lib/amd64"/>
    <property name="java.vm.version" value="20.1-b02"/>
    <property name="java.vm.vendor" value="Sun Microsystems Inc."/>
    <property name="java.vendor.url" value="http://java.sun.com/"/>
    <property name="path.separator" value=":"/>
    <property name="java.vm.name" value="Java HotSpot(TM) 64-Bit Server VM"/>
    <property name="file.encoding.pkg" value="sun.io"/>
    <property name="user.country" value="US"/>
    <property name="sun.java.launcher" value="SUN_STANDARD"/>
    <property name="sun.os.patch.level" value="unknown"/>
    <property name="java.vm.specification.name" value="Java Virtual Machine Specification"/>
    <property name="user.dir" value="/home/jsotuyod/workspace/aoxp/aoxp-server"/>
    <property name="java.runtime.version" value="1.6.0_26-b03"/>
    <property name="java.awt.graphicsenv" value="sun.awt.X11GraphicsEnvironment"/>
    <property name="basedir" value="/home/jsotuyod/workspace/aoxp/aoxp-server"/>
    <property name="java.endorsed.dirs" value="/usr/lib/jvm/java-6-sun-1.6.0.26/jre/lib/endorsed"/>
    <property name="os.arch" value="amd64"/>
    <property name="surefire.real.class.path" value="/tmp/surefirebooter8872936915848415148.jar"/>
    <property name="java.io.tmpdir" value="/tmp"/>
    <property name="line.separator" value="
"/>
    <property name="java.vm.specification.vendor" value="Sun Microsystems Inc."/>
    <property name="os.name" value="Linux"/>
    <property name="sun.jnu.encoding" value="UTF-8"/>
    <property name="java.library.path" value="/usr/lib/jvm/java-6-sun-1.6.0.26/jre/lib/amd64/server:/usr/lib/jvm/java-6-sun-1.6.0.26/jre/lib/amd64:/usr/lib/jvm/java-6-sun-1.6.0.26/jre/../lib/amd64:/usr/java/packages/lib/amd64:/usr/lib64:/lib64:/lib:/usr/lib"/>
    <property name="surefire.test.class.path" value="/home/jsotuyod/workspace/aoxp/aoxp-server/target/test-classes:/home/jsotuyod/workspace/aoxp/aoxp-server/target/classes:/home/jsotuyod/.m2/repository/junit/junit/4.8.1/junit-4.8.1.jar:/home/jsotuyod/.m2/repository/com/google/inject/guice/2.0/guice-2.0.jar:/home/jsotuyod/.m2/repository/aopalliance/aopalliance/1.0/aopalliance-1.0.jar:/home/jsotuyod/.m2/repository/log4j/log4j/1.2.16/log4j-1.2.16.jar:/home/jsotuyod/.m2/repository/org/ini4j/ini4j/0.5.1/ini4j-0.5.1.jar:/home/jsotuyod/.m2/repository/io/netty/netty/3.4.1.Final/netty-3.4.1.Final.jar:/home/jsotuyod/.m2/repository/org/easymock/easymock/2.5.2/easymock-2.5.2.jar:/home/jsotuyod/.m2/repository/org/easymock/easymockclassextension/2.5.2/easymockclassextension-2.5.2.jar:/home/jsotuyod/.m2/repository/cglib/cglib-nodep/2.2/cglib-nodep-2.2.jar:/home/jsotuyod/.m2/repository/org/objenesis/objenesis/1.2/objenesis-1.2.jar:/home/jsotuyod/.m2/repository/commons-validator/commons-validator/1.3.1/commons-validator-1.3.1.jar:/home/jsotuyod/.m2/repository/commons-beanutils/commons-beanutils/1.7.0/commons-beanutils-1.7.0.jar:/home/jsotuyod/.m2/repository/commons-logging/commons-logging/1.0.4/commons-logging-1.0.4.jar:/home/jsotuyod/.m2/repository/commons-digester/commons-digester/1.6/commons-digester-1.6.jar:/home/jsotuyod/.m2/repository/commons-collections/commons-collections/2.1/commons-collections-2.1.jar:/home/jsotuyod/.m2/repository/xml-apis/xml-apis/1.0.b2/xml-apis-1.0.b2.jar:/home/jsotuyod/.m2/repository/oro/oro/2.0.8/oro-2.0.8.jar:/home/jsotuyod/workspace/aoxp/aoxp-server-security/target/aoxp-server-security-1.0-SNAPSHOT.jar:"/>
    <property name="org.ini4j.config.escape" value="false"/>
    <property name="java.specification.name" value="Java Platform API Specification"/>
    <property name="java.class.version" value="50.0"/>
    <property name="sun.management.compiler" value="HotSpot 64-Bit Tiered Compilers"/>
    <property name="os.version" value="2.6.32-41-generic"/>
    <property name="user.home" value="/home/jsotuyod"/>
    <property name="user.timezone" value="America/Argentina/Buenos_Aires"/>
    <property name="java.awt.printerjob" value="sun.print.PSPrinterJob"/>
    <property name="java.specification.version" value="1.6"/>
    <property name="file.encoding" value="UTF-8"/>
    <property name="user.name" value="jsotuyod"/>
    <property name="java.class.path" value="/home/jsotuyod/workspace/aoxp/aoxp-server/target/test-classes:/home/jsotuyod/workspace/aoxp/aoxp-server/target/classes:/home/jsotuyod/.m2/repository/junit/junit/4.8.1/junit-4.8.1.jar:/home/jsotuyod/.m2/repository/com/google/inject/guice/2.0/guice-2.0.jar:/home/jsotuyod/.m2/repository/aopalliance/aopalliance/1.0/aopalliance-1.0.jar:/home/jsotuyod/.m2/repository/log4j/log4j/1.2.16/log4j-1.2.16.jar:/home/jsotuyod/.m2/repository/org/ini4j/ini4j/0.5.1/ini4j-0.5.1.jar:/home/jsotuyod/.m2/repository/io/netty/netty/3.4.1.Final/netty-3.4.1.Final.jar:/home/jsotuyod/.m2/repository/org/easymock/easymock/2.5.2/easymock-2.5.2.jar:/home/jsotuyod/.m2/repository/org/easymock/easymockclassextension/2.5.2/easymockclassextension-2.5.2.jar:/home/jsotuyod/.m2/repository/cglib/cglib-nodep/2.2/cglib-nodep-2.2.jar:/home/jsotuyod/.m2/repository/org/objenesis/objenesis/1.2/objenesis-1.2.jar:/home/jsotuyod/.m2/repository/commons-validator/commons-validator/1.3.1/commons-validator-1.3.1.jar:/home/jsotuyod/.m2/repository/commons-beanutils/commons-beanutils/1.7.0/commons-beanutils-1.7.0.jar:/home/jsotuyod/.m2/repository/commons-logging/commons-logging/1.0.4/commons-logging-1.0.4.jar:/home/jsotuyod/.m2/repository/commons-digester/commons-digester/1.6/commons-digester-1.6.jar:/home/jsotuyod/.m2/repository/commons-collections/commons-collections/2.1/commons-collections-2.1.jar:/home/jsotuyod/.m2/repository/xml-apis/xml-apis/1.0.b2/xml-apis-1.0.b2.jar:/home/jsotuyod/.m2/repository/oro/oro/2.0.8/oro-2.0.8.jar:/home/jsotuyod/workspace/aoxp/aoxp-server-security/target/aoxp-server-security-1.0-SNAPSHOT.jar:"/>
    <property name="java.vm.specification.version" value="1.0"/>
    <property name="sun.arch.data.model" value="64"/>
    <property name="java.home" value="/usr/lib/jvm/java-6-sun-1.6.0.26/jre"/>
    <property name="sun.java.command" value="/tmp/surefirebooter8872936915848415148.jar /tmp/surefire2134530417237675416tmp /tmp/surefire9066337045969693494tmp"/>
    <property name="java.specification.vendor" value="Sun Microsystems Inc."/>
    <property name="user.language" value="en"/>
    <property name="java.vm.info" value="mixed mode"/>
    <property name="java.version" value="1.6.0_26"/>
    <property name="java.ext.dirs" value="/usr/lib/jvm/java-6-sun-1.6.0.26/jre/lib/ext:/usr/java/packages/lib/ext"/>
    <property name="sun.boot.class.path" value="/usr/lib/jvm/java-6-sun-1.6.0.26/jre/lib/resources.jar:/usr/lib/jvm/java-6-sun-1.6.0.26/jre/lib/rt.jar:/usr/lib/jvm/java-6-sun-1.6.0.26/jre/lib/sunrsasign.jar:/usr/lib/jvm/java-6-sun-1.6.0.26/jre/lib/jsse.jar:/usr/lib/jvm/java-6-sun-1.6.0.26/jre/lib/jce.jar:/usr/lib/jvm/java-6-sun-1.6.0.26/jre/lib/charsets.jar:/usr/lib/jvm/java-6-sun-1.6.0.26/jre/lib/modules/jdk.boot.jar:/usr/lib/jvm/java-6-sun-1.6.0.26/jre/classes"/>
    <property name="java.vendor" value="Sun Microsystems Inc."/>
    <property name="localRepository" value="/home/jsotuyod/.m2/repository"/>
    <property name="file.separator" value="/"/>
    <property name="java.vendor.url.bug" value="http://java.sun.com/cgi-bin/bugreport.cgi"/>
    <property name="sun.cpu.endian" value="little"/>
    <property name="sun.io.unicode.encoding" value="UnicodeLittle"/>
    <property name="sun.desktop" value="gnome"/>
    <property name="sun.cpu.isalist" value=""/>
  </properties>
  <testcase time="0.001" classname="com.ao.model.worldobject.DeathPotionTest" name="testClone"/>
  <testcase time="0.002" classname="com.ao.model.worldobject.DeathPotionTest" name="testUseWithCleanup"/>
  <testcase time="0" classname="com.ao.model.worldobject.DeathPotionTest" name="testUseWithoutCleanup"/>
  <testcase time="0" classname="com.ao.model.worldobject.DeathPotionTest" name="testAddAmount"/>
  <testcase time="0" classname="com.ao.model.worldobject.DeathPotionTest" name="testGetValue"/>
  <testcase time="0" classname="com.ao.model.worldobject.DeathPotionTest" name="testIsNewbie"/>
  <testcase time="0" classname="com.ao.model.worldobject.DeathPotionTest" name="testCanBeStolen"/>
  <testcase time="0" classname="com.ao.model.worldobject.DeathPotionTest" name="testIsNoLog"/>
  <testcase time="0.001" classname="com.ao.model.worldobject.DeathPotionTest" name="testIsRespawneable"/>
  <testcase time="0" classname="com.ao.model.worldobject.DeathPotionTest" name="testGetId"/>
  <testcase time="0" classname="com.ao.model.worldobject.DeathPotionTest" name="testGetGraphic"/>
  <testcase time="0" classname="com.ao.model.worldobject.DeathPotionTest" name="testGetName"/>
</testsuite>